2022-12-21T14:14:39+00:00 CRITICAL Uncaught TypeError: call_user_func(): Argument #1 ($callback) must be a valid callback, function "blog_setting" not found or invalid function name in /home/storage/vhosts/ibni-yamine-chabane.students-laplateforme.io/httpdocs/mycms/wp-includes/customize/class-wp-customize-partial.php:222
Stack trace:
#0 /home/storage/vhosts/ibni-yamine-chabane.students-laplateforme.io/httpdocs/mycms/wp-includes/customize/class-wp-customize-selective-refresh.php(369): WP_Customize_Partial->render()
#1 /home/storage/vhosts/ibni-yamine-chabane.students-laplateforme.io/httpdocs/mycms/wp-includes/class-wp-hook.php(308): WP_Customize_Selective_Refresh->handle_render_partials_request()
#2 /home/storage/vhosts/ibni-yamine-chabane.students-laplateforme.io/httpdocs/mycms/wp-includes/class-wp-hook.php(332): WP_Hook->apply_filters()
#3 /home/storage/vhosts/ibni-yamine-chabane.students-laplateforme.io/httpdocs/mycms/wp-includes/plugin.php(517): WP_Hook->do_action()
#4 /home/storage/vhosts/ibni-yamine-chabane.students-laplateforme.io/httpdocs/mycms/wp-includes/template-loader.php(13): do_action()
#5 /home/storage/vhosts/ibni-yamine-chabane.students-laplateforme.io/httpdocs/mycms/wp-blog-header.php(19): require_once('...')
#6 /home/storage/vhosts/ibni-yamine-chabane.students-laplateforme.io/httpdocs/mycms/index.php(17): require('...')
#7 {main}
  thrown dans /home/storage/vhosts/ibni-yamine-chabane.students-laplateforme.io/httpdocs/mycms/wp-includes/customize/class-wp-customize-partial.php à la ligne 222

2022-12-21T14:14:44+00:00 CRITICAL Uncaught TypeError: call_user_func(): Argument #1 ($callback) must be a valid callback, function "blog_setting" not found or invalid function name in /home/storage/vhosts/ibni-yamine-chabane.students-laplateforme.io/httpdocs/mycms/wp-includes/customize/class-wp-customize-partial.php:222
Stack trace:
#0 /home/storage/vhosts/ibni-yamine-chabane.students-laplateforme.io/httpdocs/mycms/wp-includes/customize/class-wp-customize-selective-refresh.php(369): WP_Customize_Partial->render()
#1 /home/storage/vhosts/ibni-yamine-chabane.students-laplateforme.io/httpdocs/mycms/wp-includes/class-wp-hook.php(308): WP_Customize_Selective_Refresh->handle_render_partials_request()
#2 /home/storage/vhosts/ibni-yamine-chabane.students-laplateforme.io/httpdocs/mycms/wp-includes/class-wp-hook.php(332): WP_Hook->apply_filters()
#3 /home/storage/vhosts/ibni-yamine-chabane.students-laplateforme.io/httpdocs/mycms/wp-includes/plugin.php(517): WP_Hook->do_action()
#4 /home/storage/vhosts/ibni-yamine-chabane.students-laplateforme.io/httpdocs/mycms/wp-includes/template-loader.php(13): do_action()
#5 /home/storage/vhosts/ibni-yamine-chabane.students-laplateforme.io/httpdocs/mycms/wp-blog-header.php(19): require_once('...')
#6 /home/storage/vhosts/ibni-yamine-chabane.students-laplateforme.io/httpdocs/mycms/index.php(17): require('...')
#7 {main}
  thrown dans /home/storage/vhosts/ibni-yamine-chabane.students-laplateforme.io/httpdocs/mycms/wp-includes/customize/class-wp-customize-partial.php à la ligne 222

